-------------------------------------------------------------------------------
Test set: com.teiphu.ArticleServiceTest
-------------------------------------------------------------------------------
Tests run: 1, Failures: 0, Errors: 1, Skipped: 0, Time elapsed: 0.321 s <<< FAILURE! - in com.teiphu.ArticleServiceTest
initializationError(com.teiphu.ArticleServiceTest)  Time elapsed: 0.009 s  <<< ERROR!
java.lang.Exception: No runnable methods

