-------------------------------------------------------------------------------
Test set: com.teiphu.TagServiceTest
-------------------------------------------------------------------------------
Tests run: 1, Failures: 0, Errors: 1, Skipped: 0, Time elapsed: 0 s <<< FAILURE! - in com.teiphu.TagServiceTest
initializationError(com.teiphu.TagServiceTest)  Time elapsed: 0 s  <<< ERROR!
java.lang.Exception: No runnable methods

